{"C:\\Users\\Nickão Anomalia\\Documents\\Faculdade\\Atividade andre\\Atividade-Testes\\src\\calculadora.js": {"path":"C:\\Users\\Nickão Anomalia\\Documents\\Faculdade\\Atividade andre\\Atividade-Testes\\src\\calculadora.js","statementMap":{"0":{"start":{"line":2,"column":4},"end":{"line":2,"column":17}},"1":{"start":{"line":6,"column":4},"end":{"line":6,"column":17}},"2":{"start":{"line":10,"column":4},"end":{"line":10,"column":17}},"3":{"start":{"line":14,"column":4},"end":{"line":16,"column":5}},"4":{"start":{"line":15,"column":8},"end":{"line":15,"column":42}},"5":{"start":{"line":18,"column":4},"end":{"line":18,"column":17}},"6":{"start":{"line":21,"column":0},"end":{"line":21,"column":58}}},"fnMap":{"0":{"name":"somar","decl":{"start":{"line":1,"column":9},"end":{"line":1,"column":14}},"loc":{"start":{"line":1,"column":21},"end":{"line":3,"column":1}},"line":1},"1":{"name":"subtrair","decl":{"start":{"line":5,"column":9},"end":{"line":5,"column":17}},"loc":{"start":{"line":5,"column":24},"end":{"line":7,"column":1}},"line":5},"2":{"name":"multiplicar","decl":{"start":{"line":9,"column":9},"end":{"line":9,"column":20}},"loc":{"start":{"line":9,"column":27},"end":{"line":11,"column":1}},"line":9},"3":{"name":"dividir","decl":{"start":{"line":13,"column":9},"end":{"line":13,"column":16}},"loc":{"start":{"line":13,"column":23},"end":{"line":19,"column":1}},"line":13}},"branchMap":{"0":{"loc":{"start":{"line":14,"column":4},"end":{"line":16,"column":5}},"type":"if","locations":[{"start":{"line":14,"column":4},"end":{"line":16,"column":5}},{"start":{},"end":{}}],"line":14}},"s":{"0":2,"1":2,"2":2,"3":3,"4":1,"5":2,"6":1},"f":{"0":2,"1":2,"2":2,"3":3},"b":{"0":[1,2]},"_coverageSchema":"1a1c01bbd47fc00a2c39e90264f33305004495a9","hash":"04d6a9221c56d6184bdbf81bce11ea3a7d5b307f"}
,"C:\\Users\\Nickão Anomalia\\Documents\\Faculdade\\Atividade andre\\Atividade-Testes\\src\\cartao.js": {"path":"C:\\Users\\Nickão Anomalia\\Documents\\Faculdade\\Atividade andre\\Atividade-Testes\\src\\cartao.js","statementMap":{"0":{"start":{"line":5,"column":4},"end":{"line":5,"column":47}},"1":{"start":{"line":5,"column":34},"end":{"line":5,"column":47}},"2":{"start":{"line":8,"column":17},"end":{"line":8,"column":18}},"3":{"start":{"line":8,"column":28},"end":{"line":8,"column":33}},"4":{"start":{"line":9,"column":4},"end":{"line":9,"column":37}},"5":{"start":{"line":11,"column":4},"end":{"line":19,"column":5}},"6":{"start":{"line":11,"column":17},"end":{"line":11,"column":33}},"7":{"start":{"line":12,"column":21},"end":{"line":12,"column":36}},"8":{"start":{"line":13,"column":21},"end":{"line":13,"column":41}},"9":{"start":{"line":15,"column":8},"end":{"line":15,"column":52}},"10":{"start":{"line":15,"column":40},"end":{"line":15,"column":52}},"11":{"start":{"line":17,"column":8},"end":{"line":17,"column":25}},"12":{"start":{"line":18,"column":8},"end":{"line":18,"column":23}},"13":{"start":{"line":21,"column":4},"end":{"line":21,"column":30}},"14":{"start":{"line":24,"column":0},"end":{"line":24,"column":30}}},"fnMap":{"0":{"name":"validaCartao","decl":{"start":{"line":3,"column":9},"end":{"line":3,"column":21}},"loc":{"start":{"line":3,"column":29},"end":{"line":22,"column":1}},"line":3}},"branchMap":{"0":{"loc":{"start":{"line":5,"column":4},"end":{"line":5,"column":47}},"type":"if","locations":[{"start":{"line":5,"column":4},"end":{"line":5,"column":47}},{"start":{},"end":{}}],"line":5},"1":{"loc":{"start":{"line":15,"column":8},"end":{"line":15,"column":52}},"type":"if","locations":[{"start":{"line":15,"column":8},"end":{"line":15,"column":52}},{"start":{},"end":{}}],"line":15},"2":{"loc":{"start":{"line":15,"column":12},"end":{"line":15,"column":38}},"type":"binary-expr","locations":[{"start":{"line":15,"column":12},"end":{"line":15,"column":17}},{"start":{"line":15,"column":21},"end":{"line":15,"column":38}}],"line":15}},"s":{"0":4,"1":0,"2":4,"3":4,"4":4,"5":4,"6":4,"7":64,"8":64,"9":64,"10":9,"11":64,"12":64,"13":4,"14":1},"f":{"0":4},"b":{"0":[0,4],"1":[9,55],"2":[64,31]},"_coverageSchema":"1a1c01bbd47fc00a2c39e90264f33305004495a9","hash":"a7b1c4bdc06562f38807165c26e3a87db8110a1f"}
,"C:\\Users\\Nickão Anomalia\\Documents\\Faculdade\\Atividade andre\\Atividade-Testes\\src\\cpf.js": {"path":"C:\\Users\\Nickão Anomalia\\Documents\\Faculdade\\Atividade andre\\Atividade-Testes\\src\\cpf.js","statementMap":{"0":{"start":{"line":3,"column":4},"end":{"line":3,"column":37}},"1":{"start":{"line":5,"column":4},"end":{"line":7,"column":5}},"2":{"start":{"line":6,"column":8},"end":{"line":6,"column":21}},"3":{"start":{"line":10,"column":4},"end":{"line":12,"column":5}},"4":{"start":{"line":11,"column":8},"end":{"line":11,"column":21}},"5":{"start":{"line":15,"column":15},"end":{"line":15,"column":16}},"6":{"start":{"line":16,"column":4},"end":{"line":18,"column":5}},"7":{"start":{"line":16,"column":17},"end":{"line":16,"column":18}},"8":{"start":{"line":17,"column":8},"end":{"line":17,"column":51}},"9":{"start":{"line":19,"column":16},"end":{"line":19,"column":32}},"10":{"start":{"line":20,"column":28},"end":{"line":20,"column":68}},"11":{"start":{"line":21,"column":4},"end":{"line":23,"column":5}},"12":{"start":{"line":22,"column":8},"end":{"line":22,"column":21}},"13":{"start":{"line":26,"column":4},"end":{"line":26,"column":13}},"14":{"start":{"line":27,"column":4},"end":{"line":29,"column":5}},"15":{"start":{"line":27,"column":17},"end":{"line":27,"column":18}},"16":{"start":{"line":28,"column":8},"end":{"line":28,"column":51}},"17":{"start":{"line":30,"column":4},"end":{"line":30,"column":29}},"18":{"start":{"line":31,"column":4},"end":{"line":31,"column":65}},"19":{"start":{"line":32,"column":4},"end":{"line":34,"column":5}},"20":{"start":{"line":33,"column":8},"end":{"line":33,"column":21}},"21":{"start":{"line":36,"column":4},"end":{"line":36,"column":16}},"22":{"start":{"line":39,"column":0},"end":{"line":39,"column":28}}},"fnMap":{"0":{"name":"validarCPF","decl":{"start":{"line":2,"column":9},"end":{"line":2,"column":19}},"loc":{"start":{"line":2,"column":25},"end":{"line":37,"column":1}},"line":2}},"branchMap":{"0":{"loc":{"start":{"line":5,"column":4},"end":{"line":7,"column":5}},"type":"if","locations":[{"start":{"line":5,"column":4},"end":{"line":7,"column":5}},{"start":{},"end":{}}],"line":5},"1":{"loc":{"start":{"line":10,"column":4},"end":{"line":12,"column":5}},"type":"if","locations":[{"start":{"line":10,"column":4},"end":{"line":12,"column":5}},{"start":{},"end":{}}],"line":10},"2":{"loc":{"start":{"line":20,"column":28},"end":{"line":20,"column":68}},"type":"cond-expr","locations":[{"start":{"line":20,"column":59},"end":{"line":20,"column":60}},{"start":{"line":20,"column":63},"end":{"line":20,"column":68}}],"line":20},"3":{"loc":{"start":{"line":20,"column":28},"end":{"line":20,"column":56}},"type":"binary-expr","locations":[{"start":{"line":20,"column":28},"end":{"line":20,"column":40}},{"start":{"line":20,"column":44},"end":{"line":20,"column":56}}],"line":20},"4":{"loc":{"start":{"line":21,"column":4},"end":{"line":23,"column":5}},"type":"if","locations":[{"start":{"line":21,"column":4},"end":{"line":23,"column":5}},{"start":{},"end":{}}],"line":21},"5":{"loc":{"start":{"line":31,"column":24},"end":{"line":31,"column":64}},"type":"cond-expr","locations":[{"start":{"line":31,"column":55},"end":{"line":31,"column":56}},{"start":{"line":31,"column":59},"end":{"line":31,"column":64}}],"line":31},"6":{"loc":{"start":{"line":31,"column":24},"end":{"line":31,"column":52}},"type":"binary-expr","locations":[{"start":{"line":31,"column":24},"end":{"line":31,"column":36}},{"start":{"line":31,"column":40},"end":{"line":31,"column":52}}],"line":31},"7":{"loc":{"start":{"line":32,"column":4},"end":{"line":34,"column":5}},"type":"if","locations":[{"start":{"line":32,"column":4},"end":{"line":34,"column":5}},{"start":{},"end":{}}],"line":32}},"s":{"0":4,"1":4,"2":1,"3":3,"4":1,"5":2,"6":2,"7":2,"8":18,"9":2,"10":2,"11":2,"12":0,"13":2,"14":2,"15":2,"16":20,"17":2,"18":2,"19":2,"20":0,"21":2,"22":1},"f":{"0":4},"b":{"0":[1,3],"1":[1,2],"2":[1,1],"3":[2,1],"4":[0,2],"5":[0,2],"6":[2,2],"7":[0,2]},"_coverageSchema":"1a1c01bbd47fc00a2c39e90264f33305004495a9","hash":"605d4a15d2a3c7434a03048b1e1a31603eef6b53"}
,"C:\\Users\\Nickão Anomalia\\Documents\\Faculdade\\Atividade andre\\Atividade-Testes\\src\\dados.js": {"path":"C:\\Users\\Nickão Anomalia\\Documents\\Faculdade\\Atividade andre\\Atividade-Testes\\src\\dados.js","statementMap":{"0":{"start":{"line":2,"column":4},"end":{"line":2,"column":45}},"1":{"start":{"line":5,"column":0},"end":{"line":5,"column":24}}},"fnMap":{"0":{"name":"rolada","decl":{"start":{"line":1,"column":9},"end":{"line":1,"column":15}},"loc":{"start":{"line":1,"column":18},"end":{"line":3,"column":1}},"line":1}},"branchMap":{},"s":{"0":2,"1":1},"f":{"0":2},"b":{},"_coverageSchema":"1a1c01bbd47fc00a2c39e90264f33305004495a9","hash":"a58a3580a6d7dea37416bc4912ad4789766ee582"}
,"C:\\Users\\Nickão Anomalia\\Documents\\Faculdade\\Atividade andre\\Atividade-Testes\\src\\email.js": {"path":"C:\\Users\\Nickão Anomalia\\Documents\\Faculdade\\Atividade andre\\Atividade-Testes\\src\\email.js","statementMap":{"0":{"start":{"line":2,"column":23},"end":{"line":2,"column":51}},"1":{"start":{"line":4,"column":4},"end":{"line":4,"column":34}},"2":{"start":{"line":7,"column":0},"end":{"line":7,"column":29}}},"fnMap":{"0":{"name":"validaEmail","decl":{"start":{"line":1,"column":9},"end":{"line":1,"column":20}},"loc":{"start":{"line":1,"column":28},"end":{"line":5,"column":1}},"line":1}},"branchMap":{},"s":{"0":5,"1":5,"2":1},"f":{"0":5},"b":{},"_coverageSchema":"1a1c01bbd47fc00a2c39e90264f33305004495a9","hash":"256b5ed4da216df6826670ad8e87ec497a88e7a3"}
,"C:\\Users\\Nickão Anomalia\\Documents\\Faculdade\\Atividade andre\\Atividade-Testes\\src\\ordenar.js": {"path":"C:\\Users\\Nickão Anomalia\\Documents\\Faculdade\\Atividade andre\\Atividade-Testes\\src\\ordenar.js","statementMap":{"0":{"start":{"line":2,"column":4},"end":{"line":8,"column":5}},"1":{"start":{"line":3,"column":8},"end":{"line":3,"column":43}},"2":{"start":{"line":3,"column":36},"end":{"line":3,"column":41}},"3":{"start":{"line":4,"column":11},"end":{"line":8,"column":5}},"4":{"start":{"line":5,"column":8},"end":{"line":5,"column":43}},"5":{"start":{"line":5,"column":36},"end":{"line":5,"column":41}},"6":{"start":{"line":7,"column":8},"end":{"line":7,"column":20}},"7":{"start":{"line":11,"column":0},"end":{"line":11,"column":30}}},"fnMap":{"0":{"name":"ordenarLista","decl":{"start":{"line":1,"column":9},"end":{"line":1,"column":21}},"loc":{"start":{"line":1,"column":36},"end":{"line":9,"column":1}},"line":1},"1":{"name":"(anonymous_1)","decl":{"start":{"line":3,"column":26},"end":{"line":3,"column":27}},"loc":{"start":{"line":3,"column":36},"end":{"line":3,"column":41}},"line":3},"2":{"name":"(anonymous_2)","decl":{"start":{"line":5,"column":26},"end":{"line":5,"column":27}},"loc":{"start":{"line":5,"column":36},"end":{"line":5,"column":41}},"line":5}},"branchMap":{"0":{"loc":{"start":{"line":2,"column":4},"end":{"line":8,"column":5}},"type":"if","locations":[{"start":{"line":2,"column":4},"end":{"line":8,"column":5}},{"start":{"line":4,"column":11},"end":{"line":8,"column":5}}],"line":2},"1":{"loc":{"start":{"line":4,"column":11},"end":{"line":8,"column":5}},"type":"if","locations":[{"start":{"line":4,"column":11},"end":{"line":8,"column":5}},{"start":{"line":6,"column":11},"end":{"line":8,"column":5}}],"line":4}},"s":{"0":5,"1":2,"2":8,"3":3,"4":2,"5":8,"6":1,"7":1},"f":{"0":5,"1":8,"2":8},"b":{"0":[2,3],"1":[2,1]},"_coverageSchema":"1a1c01bbd47fc00a2c39e90264f33305004495a9","hash":"948f7393e143061acbb5803a1bb9f0a46f0eac96"}
,"C:\\Users\\Nickão Anomalia\\Documents\\Faculdade\\Atividade andre\\Atividade-Testes\\src\\palindromo.js": {"path":"C:\\Users\\Nickão Anomalia\\Documents\\Faculdade\\Atividade andre\\Atividade-Testes\\src\\palindromo.js","statementMap":{"0":{"start":{"line":2,"column":19},"end":{"line":2,"column":65}},"1":{"start":{"line":3,"column":26},"end":{"line":3,"column":61}},"2":{"start":{"line":5,"column":4},"end":{"line":5,"column":36}},"3":{"start":{"line":8,"column":0},"end":{"line":8,"column":30}}},"fnMap":{"0":{"name":"isPalindromo","decl":{"start":{"line":1,"column":9},"end":{"line":1,"column":21}},"loc":{"start":{"line":1,"column":27},"end":{"line":6,"column":1}},"line":1}},"branchMap":{},"s":{"0":6,"1":6,"2":6,"3":1},"f":{"0":6},"b":{},"_coverageSchema":"1a1c01bbd47fc00a2c39e90264f33305004495a9","hash":"fdf6977a5e36091f231ee3edef7fff8158e4a557"}
,"C:\\Users\\Nickão Anomalia\\Documents\\Faculdade\\Atividade andre\\Atividade-Testes\\src\\primos.js": {"path":"C:\\Users\\Nickão Anomalia\\Documents\\Faculdade\\Atividade andre\\Atividade-Testes\\src\\primos.js","statementMap":{"0":{"start":{"line":2,"column":4},"end":{"line":4,"column":5}},"1":{"start":{"line":3,"column":8},"end":{"line":3,"column":21}},"2":{"start":{"line":6,"column":4},"end":{"line":10,"column":5}},"3":{"start":{"line":6,"column":17},"end":{"line":6,"column":18}},"4":{"start":{"line":7,"column":8},"end":{"line":9,"column":9}},"5":{"start":{"line":8,"column":12},"end":{"line":8,"column":25}},"6":{"start":{"line":12,"column":4},"end":{"line":12,"column":16}},"7":{"start":{"line":15,"column":0},"end":{"line":15,"column":25}}},"fnMap":{"0":{"name":"isPrimo","decl":{"start":{"line":1,"column":9},"end":{"line":1,"column":16}},"loc":{"start":{"line":1,"column":25},"end":{"line":13,"column":1}},"line":1}},"branchMap":{"0":{"loc":{"start":{"line":2,"column":4},"end":{"line":4,"column":5}},"type":"if","locations":[{"start":{"line":2,"column":4},"end":{"line":4,"column":5}},{"start":{},"end":{}}],"line":2},"1":{"loc":{"start":{"line":7,"column":8},"end":{"line":9,"column":9}},"type":"if","locations":[{"start":{"line":7,"column":8},"end":{"line":9,"column":9}},{"start":{},"end":{}}],"line":7}},"s":{"0":4,"1":1,"2":3,"3":3,"4":6,"5":1,"6":2,"7":1},"f":{"0":4},"b":{"0":[1,3],"1":[1,5]},"_coverageSchema":"1a1c01bbd47fc00a2c39e90264f33305004495a9","hash":"3af14da3e9d552ef7d0bac43975603414f3c9797"}
,"C:\\Users\\Nickão Anomalia\\Documents\\Faculdade\\Atividade andre\\Atividade-Testes\\src\\senha.js": {"path":"C:\\Users\\Nickão Anomalia\\Documents\\Faculdade\\Atividade andre\\Atividade-Testes\\src\\senha.js","statementMap":{"0":{"start":{"line":2,"column":26},"end":{"line":2,"column":27}},"1":{"start":{"line":3,"column":25},"end":{"line":3,"column":44}},"2":{"start":{"line":4,"column":25},"end":{"line":4,"column":44}},"3":{"start":{"line":5,"column":22},"end":{"line":5,"column":41}},"4":{"start":{"line":6,"column":33},"end":{"line":6,"column":82}},"5":{"start":{"line":8,"column":4},"end":{"line":10,"column":5}},"6":{"start":{"line":9,"column":8},"end":{"line":9,"column":21}},"7":{"start":{"line":12,"column":4},"end":{"line":12,"column":16}},"8":{"start":{"line":15,"column":0},"end":{"line":15,"column":29}}},"fnMap":{"0":{"name":"validaSenha","decl":{"start":{"line":1,"column":9},"end":{"line":1,"column":20}},"loc":{"start":{"line":1,"column":28},"end":{"line":13,"column":1}},"line":1}},"branchMap":{"0":{"loc":{"start":{"line":8,"column":4},"end":{"line":10,"column":5}},"type":"if","locations":[{"start":{"line":8,"column":4},"end":{"line":10,"column":5}},{"start":{},"end":{}}],"line":8},"1":{"loc":{"start":{"line":8,"column":8},"end":{"line":8,"column":109}},"type":"binary-expr","locations":[{"start":{"line":8,"column":8},"end":{"line":8,"column":36}},{"start":{"line":8,"column":40},"end":{"line":8,"column":53}},{"start":{"line":8,"column":57},"end":{"line":8,"column":70}},{"start":{"line":8,"column":74},"end":{"line":8,"column":84}},{"start":{"line":8,"column":88},"end":{"line":8,"column":109}}],"line":8}},"s":{"0":6,"1":6,"2":6,"3":6,"4":6,"5":6,"6":4,"7":2,"8":1},"f":{"0":6},"b":{"0":[4,2],"1":[6,6,4,3,3]},"_coverageSchema":"1a1c01bbd47fc00a2c39e90264f33305004495a9","hash":"ad5885a568649e200123ad5a044320ec687c6559"}
,"C:\\Users\\Nickão Anomalia\\Documents\\Faculdade\\Atividade andre\\Atividade-Testes\\src\\temperatura.js": {"path":"C:\\Users\\Nickão Anomalia\\Documents\\Faculdade\\Atividade andre\\Atividade-Testes\\src\\temperatura.js","statementMap":{"0":{"start":{"line":2,"column":4},"end":{"line":2,"column":32}},"1":{"start":{"line":6,"column":4},"end":{"line":6,"column":35}},"2":{"start":{"line":9,"column":0},"end":{"line":9,"column":62}}},"fnMap":{"0":{"name":"celsiusToFahrenheit","decl":{"start":{"line":1,"column":9},"end":{"line":1,"column":28}},"loc":{"start":{"line":1,"column":38},"end":{"line":3,"column":1}},"line":1},"1":{"name":"fahrenheitToCelsius","decl":{"start":{"line":5,"column":9},"end":{"line":5,"column":28}},"loc":{"start":{"line":5,"column":41},"end":{"line":7,"column":1}},"line":5}},"branchMap":{},"s":{"0":2,"1":2,"2":1},"f":{"0":2,"1":2},"b":{},"_coverageSchema":"1a1c01bbd47fc00a2c39e90264f33305004495a9","hash":"c026f4237363c06872b2ac8d5279c4a3d48933ef"}
}
