TN:
SF:src\calculadora.js
FN:1,somar
FN:5,subtrair
FN:9,multiplicar
FN:13,dividir
FNF:4
FNH:4
FNDA:2,somar
FNDA:2,subtrair
FNDA:2,multiplicar
FNDA:3,dividir
DA:2,2
DA:6,2
DA:10,2
DA:14,3
DA:15,1
DA:18,2
DA:21,1
LF:7
LH:7
BRDA:14,0,0,1
BRDA:14,0,1,2
BRF:2
BRH:2
end_of_record
TN:
SF:src\cartao.js
FN:3,validaCartao
FNF:1
FNH:1
FNDA:4,validaCartao
DA:5,4
DA:8,4
DA:9,4
DA:11,4
DA:12,64
DA:13,64
DA:15,64
DA:17,64
DA:18,64
DA:21,4
DA:24,1
LF:11
LH:11
BRDA:5,0,0,0
BRDA:5,0,1,4
BRDA:15,1,0,9
BRDA:15,1,1,55
BRDA:15,2,0,64
BRDA:15,2,1,31
BRF:6
BRH:5
end_of_record
TN:
SF:src\cpf.js
FN:2,validarCPF
FNF:1
FNH:1
FNDA:4,validarCPF
DA:3,4
DA:5,4
DA:6,1
DA:10,3
DA:11,1
DA:15,2
DA:16,2
DA:17,18
DA:19,2
DA:20,2
DA:21,2
DA:22,0
DA:26,2
DA:27,2
DA:28,20
DA:30,2
DA:31,2
DA:32,2
DA:33,0
DA:36,2
DA:39,1
LF:21
LH:19
BRDA:5,0,0,1
BRDA:5,0,1,3
BRDA:10,1,0,1
BRDA:10,1,1,2
BRDA:20,2,0,1
BRDA:20,2,1,1
BRDA:20,3,0,2
BRDA:20,3,1,1
BRDA:21,4,0,0
BRDA:21,4,1,2
BRDA:31,5,0,0
BRDA:31,5,1,2
BRDA:31,6,0,2
BRDA:31,6,1,2
BRDA:32,7,0,0
BRDA:32,7,1,2
BRF:16
BRH:13
end_of_record
TN:
SF:src\dados.js
FN:1,rolada
FNF:1
FNH:1
FNDA:2,rolada
DA:2,2
DA:5,1
LF:2
LH:2
BRF:0
BRH:0
end_of_record
TN:
SF:src\email.js
FN:1,validaEmail
FNF:1
FNH:1
FNDA:5,validaEmail
DA:2,5
DA:4,5
DA:7,1
LF:3
LH:3
BRF:0
BRH:0
end_of_record
TN:
SF:src\ordenar.js
FN:1,ordenarLista
FN:3,(anonymous_1)
FN:5,(anonymous_2)
FNF:3
FNH:3
FNDA:5,ordenarLista
FNDA:8,(anonymous_1)
FNDA:8,(anonymous_2)
DA:2,5
DA:3,8
DA:4,3
DA:5,8
DA:7,1
DA:11,1
LF:6
LH:6
BRDA:2,0,0,2
BRDA:2,0,1,3
BRDA:4,1,0,2
BRDA:4,1,1,1
BRF:4
BRH:4
end_of_record
TN:
SF:src\palindromo.js
FN:1,isPalindromo
FNF:1
FNH:1
FNDA:6,isPalindromo
DA:2,6
DA:3,6
DA:5,6
DA:8,1
LF:4
LH:4
BRF:0
BRH:0
end_of_record
TN:
SF:src\primos.js
FN:1,isPrimo
FNF:1
FNH:1
FNDA:4,isPrimo
DA:2,4
DA:3,1
DA:6,3
DA:7,6
DA:8,1
DA:12,2
DA:15,1
LF:7
LH:7
BRDA:2,0,0,1
BRDA:2,0,1,3
BRDA:7,1,0,1
BRDA:7,1,1,5
BRF:4
BRH:4
end_of_record
TN:
SF:src\senha.js
FN:1,validaSenha
FNF:1
FNH:1
FNDA:6,validaSenha
DA:2,6
DA:3,6
DA:4,6
DA:5,6
DA:6,6
DA:8,6
DA:9,4
DA:12,2
DA:15,1
LF:9
LH:9
BRDA:8,0,0,4
BRDA:8,0,1,2
BRDA:8,1,0,6
BRDA:8,1,1,6
BRDA:8,1,2,4
BRDA:8,1,3,3
BRDA:8,1,4,3
BRF:7
BRH:7
end_of_record
TN:
SF:src\temperatura.js
FN:1,celsiusToFahrenheit
FN:5,fahrenheitToCelsius
FNF:2
FNH:2
FNDA:2,celsiusToFahrenheit
FNDA:2,fahrenheitToCelsius
DA:2,2
DA:6,2
DA:9,1
LF:3
LH:3
BRF:0
BRH:0
end_of_record
